\BOOKMARK [0][-]{chapter.1}{\376\377\0001\000\040\000M\000a\000i\000n\000\040\000P\000a\000g\000e}{}% 1
\BOOKMARK [1][-]{section.1.1}{\376\377\0001\000.\0001\000\040\000O\000v\000e\000r\000v\000i\000e\000w\000:\000\040\000H\000M\000M\000\040\000-\000\040\000H\000i\000d\000d\000e\000n\000\040\000M\000a\000r\000k\000o\000v\000\040\000M\000o\000d\000e\000l\000s}{chapter.1}% 2
\BOOKMARK [2][-]{subsection.1.1.1}{\376\377\0001\000.\0001\000.\0001\000\040\000A\000p\000p\000l\000i\000c\000a\000t\000i\000o\000n\000s}{section.1.1}% 3
\BOOKMARK [2][-]{subsection.1.1.2}{\376\377\0001\000.\0001\000.\0002\000\040\000R\000e\000p\000o\000s\000i\000t\000o\000r\000y\000\040\000O\000r\000g\000a\000n\000i\000z\000a\000t\000i\000o\000n}{section.1.1}% 4
\BOOKMARK [2][-]{subsection.1.1.3}{\376\377\0001\000.\0001\000.\0003\000\040\000D\000e\000p\000e\000n\000d\000e\000n\000c\000i\000e\000s}{section.1.1}% 5
\BOOKMARK [2][-]{subsection.1.1.4}{\376\377\0001\000.\0001\000.\0004\000\040\000C\000o\000m\000p\000i\000l\000a\000t\000i\000o\000n\000\040\000\046\000\040\000I\000n\000s\000t\000a\000l\000l\000a\000t\000i\000o\000n}{section.1.1}% 6
\BOOKMARK [2][-]{subsection.1.1.5}{\376\377\0001\000.\0001\000.\0005\000\040\000T\000u\000t\000o\000r\000i\000a\000l\000:\000\040\000U\000n\000d\000e\000r\000s\000t\000a\000n\000d\000i\000n\000g\000\040\000t\000h\000e\000\040\000H\000M\000M\000\040\000t\000o\000o\000l\000b\000o\000x\000\040\000w\000i\000t\000h}{section.1.1}% 7
\BOOKMARK [2][-]{subsection.1.1.6}{\376\377\0001\000.\0001\000.\0006\000\040\000C\000o\000m\000m\000o\000n\000\040\000i\000s\000s\000u\000e\000s}{section.1.1}% 8
\BOOKMARK [0][-]{chapter.2}{\376\377\0002\000\040\000T\000u\000t\000o\000r\000i\000a\000l}{}% 9
\BOOKMARK [1][-]{subsection.2.0.1}{\376\377\0002\000.\0000\000.\0001\000\040\000T\000u\000t\000o\000r\000i\000a\000l\000\040\000\046\000\040\000T\000e\000c\000h\000n\000i\000c\000a\000l\000\040\000O\000v\000e\000r\000v\000i\000e\000w\000:\000\040\000H\000o\000w\000\040\000t\000o\000\040\000u\000s\000e\000\040\000t\000h\000e\000\040\000H\000M\000M\000\040\000l\000i\000b\000r\000a\000r\000y}{chapter.2}% 10
\BOOKMARK [2][-]{subsubsection.2.0.1.1}{\376\377\0002\000.\0000\000.\0001\000.\0001\000\040\000s\000c\000o\000p\000e\000\040\000o\000f\000\040\000t\000h\000i\000s\000\040\000t\000u\000t\000o\000r\000i\000a\000l}{subsection.2.0.1}% 11
\BOOKMARK [3][-]{subsubsection.2.0.1.2}{\376\377\0002\000.\0000\000.\0001\000.\0002\000\040\000r\000e\000l\000e\000v\000a\000n\000t\000\040\000p\000u\000b\000l\000i\000c\000a\000t\000i\000o\000n\000s}{subsubsection.2.0.1.1}% 12
\BOOKMARK [3][-]{subsubsection.2.0.1.3}{\376\377\0002\000.\0000\000.\0001\000.\0003\000\040\000b\000u\000i\000l\000d\000i\000n\000g\000\040\000a\000\040\000m\000o\000d\000e\000l}{subsubsection.2.0.1.1}% 13
\BOOKMARK [3][-]{subsubsection.2.0.1.4}{\376\377\0002\000.\0000\000.\0001\000.\0004\000\040\000g\000e\000n\000e\000r\000a\000t\000i\000n\000g\000\040\000s\000e\000q\000u\000e\000n\000c\000e\000s}{subsubsection.2.0.1.1}% 14
\BOOKMARK [3][-]{subsubsection.2.0.1.5}{\376\377\0002\000.\0000\000.\0001\000.\0005\000\040\000d\000e\000c\000o\000d\000i\000n\000g\000\040\000s\000t\000a\000t\000e\000s\000\040\000-\000\040\000o\000v\000e\000r\000v\000i\000e\000w\000\040\000o\000f\000\040\000V\000i\000t\000e\000r\000b\000i\000\040\000a\000l\000g\000o\000r\000i\000t\000h\000m}{subsubsection.2.0.1.1}% 15
\BOOKMARK [3][-]{subsubsection.2.0.1.6}{\376\377\0002\000.\0000\000.\0001\000.\0006\000\040\000e\000x\000a\000m\000i\000n\000i\000n\000g\000\040\000o\000u\000t\000p\000u\000t\000s}{subsubsection.2.0.1.1}% 16
\BOOKMARK [0][-]{chapter.3}{\376\377\0003\000\040\000F\000i\000l\000e\000\040\000I\000n\000d\000e\000x}{}% 17
\BOOKMARK [1][-]{section.3.1}{\376\377\0003\000.\0001\000\040\000F\000i\000l\000e\000\040\000L\000i\000s\000t}{chapter.3}% 18
\BOOKMARK [0][-]{chapter.4}{\376\377\0004\000\040\000F\000i\000l\000e\000\040\000D\000o\000c\000u\000m\000e\000n\000t\000a\000t\000i\000o\000n}{}% 19
\BOOKMARK [1][-]{section.4.1}{\376\377\0004\000.\0001\000\040\000/\000U\000s\000e\000r\000s\000/\000a\000d\000a\000m\000/\000D\000o\000c\000u\000m\000e\000n\000t\000s\000/\000G\000i\000t\000H\000u\000b\000/\000c\000l\000o\000c\000d\000e\000v\000\137\0002\0000\0002\0001\000/\000h\000m\000m\000\137\000m\000o\000d\000u\000l\000e\000s\000/\000h\000m\000m\000/\000e\000x\000a\000m\000p\000l\000e\000s\000/\000R\000E\000A\000D\000M\000E\000\137\000t\000u\000t\000o\000r\000i\000a\000l\000.\000m\000d\000\040\000F\000i\000l\000e\000\040\000R\000e\000f\000e\000r\000e\000n\000c\000e}{chapter.4}% 20
\BOOKMARK [1][-]{section.4.2}{\376\377\0004\000.\0002\000\040\000/\000U\000s\000e\000r\000s\000/\000a\000d\000a\000m\000/\000D\000o\000c\000u\000m\000e\000n\000t\000s\000/\000G\000i\000t\000H\000u\000b\000/\000c\000l\000o\000c\000d\000e\000v\000\137\0002\0000\0002\0001\000/\000h\000m\000m\000\137\000m\000o\000d\000u\000l\000e\000s\000/\000h\000m\000m\000/\000R\000E\000A\000D\000M\000E\000.\000m\000d\000\040\000F\000i\000l\000e\000\040\000R\000e\000f\000e\000r\000e\000n\000c\000e}{chapter.4}% 21
\BOOKMARK [1][-]{section.4.3}{\376\377\0004\000.\0003\000\040\000/\000U\000s\000e\000r\000s\000/\000a\000d\000a\000m\000/\000D\000o\000c\000u\000m\000e\000n\000t\000s\000/\000G\000i\000t\000H\000u\000b\000/\000c\000l\000o\000c\000d\000e\000v\000\137\0002\0000\0002\0001\000/\000h\000m\000m\000\137\000m\000o\000d\000u\000l\000e\000s\000/\000h\000m\000m\000/\000s\000r\000c\000/\000h\000m\000m\000\137\000v\000e\000c\000.\000c\000p\000p\000\040\000F\000i\000l\000e\000\040\000R\000e\000f\000e\000r\000e\000n\000c\000e}{chapter.4}% 22
\BOOKMARK [2][-]{subsection.4.3.1}{\376\377\0004\000.\0003\000.\0001\000\040\000D\000e\000t\000a\000i\000l\000e\000d\000\040\000D\000e\000s\000c\000r\000i\000p\000t\000i\000o\000n}{section.4.3}% 23
\BOOKMARK [2][-]{subsection.4.3.2}{\376\377\0004\000.\0003\000.\0002\000\040\000F\000u\000n\000c\000t\000i\000o\000n\000\040\000D\000o\000c\000u\000m\000e\000n\000t\000a\000t\000i\000o\000n}{section.4.3}% 24
\BOOKMARK [3][-]{subsubsection.4.3.2.1}{\376\377\0004\000.\0003\000.\0002\000.\0001\000\040\000l\000o\000g\000E\000\050\000\051}{subsection.4.3.2}% 25
\BOOKMARK [3][-]{subsubsection.4.3.2.2}{\376\377\0004\000.\0003\000.\0002\000.\0002\000\040\000s\000e\000t\000W\000a\000r\000n\000i\000n\000g\000\050\000\051}{subsection.4.3.2}% 26
\BOOKMARK [3][-]{subsubsection.4.3.2.3}{\376\377\0004\000.\0003\000.\0002\000.\0003\000\040\000v\000i\000t\000e\000r\000b\000i\000\050\000\051}{subsection.4.3.2}% 27
\BOOKMARK [1][-]{section.4.4}{\376\377\0004\000.\0004\000\040\000/\000U\000s\000e\000r\000s\000/\000a\000d\000a\000m\000/\000D\000o\000c\000u\000m\000e\000n\000t\000s\000/\000G\000i\000t\000H\000u\000b\000/\000c\000l\000o\000c\000d\000e\000v\000\137\0002\0000\0002\0001\000/\000h\000m\000m\000\137\000m\000o\000d\000u\000l\000e\000s\000/\000h\000m\000m\000/\000s\000r\000c\000/\000m\000a\000i\000n\000.\000c\000p\000p\000\040\000F\000i\000l\000e\000\040\000R\000e\000f\000e\000r\000e\000n\000c\000e}{chapter.4}% 28
\BOOKMARK [2][-]{subsection.4.4.1}{\376\377\0004\000.\0004\000.\0001\000\040\000D\000e\000t\000a\000i\000l\000e\000d\000\040\000D\000e\000s\000c\000r\000i\000p\000t\000i\000o\000n}{section.4.4}% 29
\BOOKMARK [2][-]{subsection.4.4.2}{\376\377\0004\000.\0004\000.\0002\000\040\000F\000u\000n\000c\000t\000i\000o\000n\000\040\000D\000o\000c\000u\000m\000e\000n\000t\000a\000t\000i\000o\000n}{section.4.4}% 30
\BOOKMARK [3][-]{subsubsection.4.4.2.1}{\376\377\0004\000.\0004\000.\0002\000.\0001\000\040\000m\000a\000i\000n\000\050\000\051}{subsection.4.4.2}% 31
\BOOKMARK [1][-]{section.4.5}{\376\377\0004\000.\0005\000\040\000/\000U\000s\000e\000r\000s\000/\000a\000d\000a\000m\000/\000D\000o\000c\000u\000m\000e\000n\000t\000s\000/\000G\000i\000t\000H\000u\000b\000/\000c\000l\000o\000c\000d\000e\000v\000\137\0002\0000\0002\0001\000/\000h\000m\000m\000\137\000m\000o\000d\000u\000l\000e\000s\000/\000h\000m\000m\000/\000s\000r\000c\000/\000p\000r\000i\000n\000t\000F\000u\000n\000s\000.\000c\000p\000p\000\040\000F\000i\000l\000e\000\040\000R\000e\000f\000e\000r\000e\000n\000c\000e}{chapter.4}% 32
\BOOKMARK [2][-]{subsection.4.5.1}{\376\377\0004\000.\0005\000.\0001\000\040\000D\000e\000t\000a\000i\000l\000e\000d\000\040\000D\000e\000s\000c\000r\000i\000p\000t\000i\000o\000n}{section.4.5}% 33
\BOOKMARK [2][-]{subsection.4.5.2}{\376\377\0004\000.\0005\000.\0002\000\040\000F\000u\000n\000c\000t\000i\000o\000n\000\040\000D\000o\000c\000u\000m\000e\000n\000t\000a\000t\000i\000o\000n}{section.4.5}% 34
\BOOKMARK [3][-]{subsubsection.4.5.2.1}{\376\377\0004\000.\0005\000.\0002\000.\0001\000\040\000b\000l\000o\000c\000k\000P\000r\000i\000n\000t\000\050\000\051}{subsection.4.5.2}% 35
\BOOKMARK [3][-]{subsubsection.4.5.2.2}{\376\377\0004\000.\0005\000.\0002\000.\0002\000\040\000p\000r\000i\000n\000t\000M\000a\000t\000\050\000\051}{subsection.4.5.2}% 36
\BOOKMARK [3][-]{subsubsection.4.5.2.3}{\376\377\0004\000.\0005\000.\0002\000.\0003\000\040\000p\000r\000i\000n\000t\000V\000e\000c\000\050\000\051}{subsection.4.5.2}% 37
\BOOKMARK [3][-]{subsubsection.4.5.2.4}{\376\377\0004\000.\0005\000.\0002\000.\0004\000\040\000p\000r\000i\000n\000t\000V\000e\000c\000A\000s\000B\000l\000o\000c\000k\000\050\000\051}{subsection.4.5.2}% 38
\BOOKMARK [1][-]{section.4.6}{\376\377\0004\000.\0006\000\040\000/\000U\000s\000e\000r\000s\000/\000a\000d\000a\000m\000/\000D\000o\000c\000u\000m\000e\000n\000t\000s\000/\000G\000i\000t\000H\000u\000b\000/\000c\000l\000o\000c\000d\000e\000v\000\137\0002\0000\0002\0001\000/\000h\000m\000m\000\137\000m\000o\000d\000u\000l\000e\000s\000/\000h\000m\000m\000/\000s\000r\000c\000/\000s\000h\000u\000t\000t\000l\000e\000F\000u\000n\000s\000.\000c\000p\000p\000\040\000F\000i\000l\000e\000\040\000R\000e\000f\000e\000r\000e\000n\000c\000e}{chapter.4}% 39
\BOOKMARK [2][-]{subsection.4.6.1}{\376\377\0004\000.\0006\000.\0001\000\040\000D\000e\000t\000a\000i\000l\000e\000d\000\040\000D\000e\000s\000c\000r\000i\000p\000t\000i\000o\000n}{section.4.6}% 40
\BOOKMARK [2][-]{subsection.4.6.2}{\376\377\0004\000.\0006\000.\0002\000\040\000F\000u\000n\000c\000t\000i\000o\000n\000\040\000D\000o\000c\000u\000m\000e\000n\000t\000a\000t\000i\000o\000n}{section.4.6}% 41
\BOOKMARK [3][-]{subsubsection.4.6.2.1}{\376\377\0004\000.\0006\000.\0002\000.\0001\000\040\000a\000r\000r\000a\000y\0002\000v\000e\000c\000\050\000\051\000\040\000[\0001\000/\0002\000]}{subsection.4.6.2}% 42
\BOOKMARK [3][-]{subsubsection.4.6.2.2}{\376\377\0004\000.\0006\000.\0002\000.\0002\000\040\000a\000r\000r\000a\000y\0002\000v\000e\000c\000\050\000\051\000\040\000[\0002\000/\0002\000]}{subsection.4.6.2}% 43
\BOOKMARK [3][-]{subsubsection.4.6.2.3}{\376\377\0004\000.\0006\000.\0002\000.\0003\000\040\000m\000o\000d\000D\000u\000b\000\050\000\051}{subsection.4.6.2}% 44
\BOOKMARK [3][-]{subsubsection.4.6.2.4}{\376\377\0004\000.\0006\000.\0002\000.\0004\000\040\000m\000o\000d\000D\000u\000b\000V\000e\000c\000\050\000\051}{subsection.4.6.2}% 45
\BOOKMARK [3][-]{subsubsection.4.6.2.5}{\376\377\0004\000.\0006\000.\0002\000.\0005\000\040\000v\000e\000c\0002\000a\000r\000r\000a\000y\000\050\000\051}{subsection.4.6.2}% 46
\BOOKMARK [0][-]{section*.5}{\376\377\000I\000n\000d\000e\000x}{}% 47
